cl : command line warning D9035: option 'Gm' has been deprecated and will be removed in a future release
  Assignment_GC.cpp
\\CY014-DC\Roaming Profiles\IKostin\Documents\GitHub\hoveRRacing.io\Assignment_GC.cpp(55,79): warning C4244: 'argument': conversion from 'int' to 'const float', possible loss of data
\\CY014-DC\Roaming Profiles\IKostin\Documents\GitHub\hoveRRacing.io\Assignment_GC.cpp(55,65): warning C4244: 'argument': conversion from 'int' to 'const float', possible loss of data
\\CY014-DC\Roaming Profiles\IKostin\Documents\GitHub\hoveRRacing.io\Assignment_GC.cpp(55,51): warning C4244: 'argument': conversion from 'int' to 'const float', possible loss of data
\\CY014-DC\Roaming Profiles\IKostin\Documents\GitHub\hoveRRacing.io\Assignment_GC.cpp(153,19): warning C4244: 'argument': conversion from 'int' to 'const float', possible loss of data
\\CY014-DC\Roaming Profiles\IKostin\Documents\GitHub\hoveRRacing.io\Assignment_GC.cpp(102,8): warning C4101: 'MAP1_WALLS_COORDS': unreferenced local variable
\\CY014-DC\Roaming Profiles\IKostin\Documents\GitHub\hoveRRacing.io\Assignment_GC.cpp(43,10): warning C4101: 'isle': unreferenced local variable
TL-Engine2019Debug.lib(TL-Engine.obj) : warning LNK4099: PDB 'TL-Engine.pdb' was not found with 'TL-Engine2019Debug.lib(TL-Engine.obj)' or at '\\CY014-DC\Roaming Profiles\IKostin\Documents\GitHub\hoveRRacing.io\TL-Engine.pdb'; linking object as if no debug info
TL-Engine2019Debug.lib(Errors.obj) : warning LNK4099: PDB 'Common.pdb' was not found with 'TL-Engine2019Debug.lib(Errors.obj)' or at '\\CY014-DC\Roaming Profiles\IKostin\Documents\GitHub\hoveRRacing.io\Common.pdb'; linking object as if no debug info
TL-Engine2019Debug.lib(TLXSprite.obj) : warning LNK4099: PDB '3DEngine.pdb' was not found with 'TL-Engine2019Debug.lib(TLXSprite.obj)' or at '\\CY014-DC\Roaming Profiles\IKostin\Documents\GitHub\hoveRRacing.io\3DEngine.pdb'; linking object as if no debug info
TL-Engine2019Debug.lib(TLXSceneNode.obj) : warning LNK4099: PDB '3DEngine.pdb' was not found with 'TL-Engine2019Debug.lib(TLXSceneNode.obj)' or at '\\CY014-DC\Roaming Profiles\IKostin\Documents\GitHub\hoveRRacing.io\3DEngine.pdb'; linking object as if no debug info
TL-Engine2019Debug.lib(TLXModelNode.obj) : warning LNK4099: PDB '3DEngine.pdb' was not found with 'TL-Engine2019Debug.lib(TLXModelNode.obj)' or at '\\CY014-DC\Roaming Profiles\IKostin\Documents\GitHub\hoveRRacing.io\3DEngine.pdb'; linking object as if no debug info
TL-Engine2019Debug.lib(TLXModel.obj) : warning LNK4099: PDB '3DEngine.pdb' was not found with 'TL-Engine2019Debug.lib(TLXModel.obj)' or at '\\CY014-DC\Roaming Profiles\IKostin\Documents\GitHub\hoveRRacing.io\3DEngine.pdb'; linking object as if no debug info
TL-Engine2019Debug.lib(TLXMesh.obj) : warning LNK4099: PDB '3DEngine.pdb' was not found with 'TL-Engine2019Debug.lib(TLXMesh.obj)' or at '\\CY014-DC\Roaming Profiles\IKostin\Documents\GitHub\hoveRRacing.io\3DEngine.pdb'; linking object as if no debug info
TL-Engine2019Debug.lib(TLXLight.obj) : warning LNK4099: PDB '3DEngine.pdb' was not found with 'TL-Engine2019Debug.lib(TLXLight.obj)' or at '\\CY014-DC\Roaming Profiles\IKostin\Documents\GitHub\hoveRRacing.io\3DEngine.pdb'; linking object as if no debug info
TL-Engine2019Debug.lib(TLXFont.obj) : warning LNK4099: PDB '3DEngine.pdb' was not found with 'TL-Engine2019Debug.lib(TLXFont.obj)' or at '\\CY014-DC\Roaming Profiles\IKostin\Documents\GitHub\hoveRRacing.io\3DEngine.pdb'; linking object as if no debug info
TL-Engine2019Debug.lib(TLXEngine.obj) : warning LNK4099: PDB '3DEngine.pdb' was not found with 'TL-Engine2019Debug.lib(TLXEngine.obj)' or at '\\CY014-DC\Roaming Profiles\IKostin\Documents\GitHub\hoveRRacing.io\3DEngine.pdb'; linking object as if no debug info
TL-Engine2019Debug.lib(TLXCamera.obj) : warning LNK4099: PDB '3DEngine.pdb' was not found with 'TL-Engine2019Debug.lib(TLXCamera.obj)' or at '\\CY014-DC\Roaming Profiles\IKostin\Documents\GitHub\hoveRRacing.io\3DEngine.pdb'; linking object as if no debug info
TL-Engine2019Debug.lib(IrrlichtSceneNode.obj) : warning LNK4099: PDB '3DEngine.pdb' was not found with 'TL-Engine2019Debug.lib(IrrlichtSceneNode.obj)' or at '\\CY014-DC\Roaming Profiles\IKostin\Documents\GitHub\hoveRRacing.io\3DEngine.pdb'; linking object as if no debug info
TL-Engine2019Debug.lib(IrrlichtModel.obj) : warning LNK4099: PDB '3DEngine.pdb' was not found with 'TL-Engine2019Debug.lib(IrrlichtModel.obj)' or at '\\CY014-DC\Roaming Profiles\IKostin\Documents\GitHub\hoveRRacing.io\3DEngine.pdb'; linking object as if no debug info
TL-Engine2019Debug.lib(IrrlichtMesh.obj) : warning LNK4099: PDB '3DEngine.pdb' was not found with 'TL-Engine2019Debug.lib(IrrlichtMesh.obj)' or at '\\CY014-DC\Roaming Profiles\IKostin\Documents\GitHub\hoveRRacing.io\3DEngine.pdb'; linking object as if no debug info
TL-Engine2019Debug.lib(IrrlichtLight.obj) : warning LNK4099: PDB '3DEngine.pdb' was not found with 'TL-Engine2019Debug.lib(IrrlichtLight.obj)' or at '\\CY014-DC\Roaming Profiles\IKostin\Documents\GitHub\hoveRRacing.io\3DEngine.pdb'; linking object as if no debug info
TL-Engine2019Debug.lib(IrrlichtInput.obj) : warning LNK4099: PDB '3DEngine.pdb' was not found with 'TL-Engine2019Debug.lib(IrrlichtInput.obj)' or at '\\CY014-DC\Roaming Profiles\IKostin\Documents\GitHub\hoveRRacing.io\3DEngine.pdb'; linking object as if no debug info
TL-Engine2019Debug.lib(IrrlichtFont.obj) : warning LNK4099: PDB '3DEngine.pdb' was not found with 'TL-Engine2019Debug.lib(IrrlichtFont.obj)' or at '\\CY014-DC\Roaming Profiles\IKostin\Documents\GitHub\hoveRRacing.io\3DEngine.pdb'; linking object as if no debug info
TL-Engine2019Debug.lib(IrrlichtEngine.obj) : warning LNK4099: PDB '3DEngine.pdb' was not found with 'TL-Engine2019Debug.lib(IrrlichtEngine.obj)' or at '\\CY014-DC\Roaming Profiles\IKostin\Documents\GitHub\hoveRRacing.io\3DEngine.pdb'; linking object as if no debug info
TL-Engine2019Debug.lib(IrrlichtCamera.obj) : warning LNK4099: PDB '3DEngine.pdb' was not found with 'TL-Engine2019Debug.lib(IrrlichtCamera.obj)' or at '\\CY014-DC\Roaming Profiles\IKostin\Documents\GitHub\hoveRRacing.io\3DEngine.pdb'; linking object as if no debug info
  Assignment_GC.vcxproj -> \\CY014-DC\Roaming Profiles\IKostin\Documents\GitHub\hoveRRacing.io\Assignment_GCDebug.exe
  Copying DLLs & shaders...
